05-20-2024 10:20:31 INFO     [app.py:15] Application started
05-20-2024 10:20:34 INFO     [app.py:15] Application started
05-20-2024 10:20:39 INFO     [app.py:15] Application started
05-20-2024 10:20:39 INFO     [app.py:28] Application started
05-20-2024 10:20:42 INFO     [app.py:15] Application started
05-20-2024 10:20:42 INFO     [app.py:28] Application ended
05-20-2024 10:20:46 DEBUG    [multipart.py:586] Calling on_field_start with no data
05-20-2024 10:20:46 DEBUG    [multipart.py:583] Calling on_field_name with data[0:8]
05-20-2024 10:20:46 DEBUG    [multipart.py:583] Calling on_field_data with data[9:20]
05-20-2024 10:20:46 DEBUG    [multipart.py:586] Calling on_field_end with no data
05-20-2024 10:20:46 DEBUG    [multipart.py:586] Calling on_field_start with no data
05-20-2024 10:20:46 DEBUG    [multipart.py:583] Calling on_field_name with data[21:29]
05-20-2024 10:20:46 DEBUG    [multipart.py:583] Calling on_field_data with data[30:34]
05-20-2024 10:20:46 DEBUG    [multipart.py:586] Calling on_field_end with no data
05-20-2024 10:20:46 DEBUG    [multipart.py:586] Calling on_end with no data
05-20-2024 10:20:46 INFO     [auth_views.py:30] User tries to login into the application
05-21-2024 10:21:36 INFO     [app.py:15] Application started
05-21-2024 10:21:58 INFO     [app.py:15] Application started
05-22-2024 10:22:00 INFO     [app.py:15] Application started
05-22-2024 10:22:10 INFO     [app.py:15] Application started
05-22-2024 10:22:30 INFO     [app.py:15] Application started
05-22-2024 10:22:35 INFO     [app.py:15] Application started
05-22-2024 10:22:38 INFO     [app.py:15] Application started
05-22-2024 10:22:43 INFO     [app.py:15] Application started
05-22-2024 10:22:46 INFO     [app.py:15] Application started
05-22-2024 10:22:48 INFO     [app.py:15] Application started
05-22-2024 10:22:50 INFO     [app.py:15] Application started
05-22-2024 10:22:52 INFO     [app.py:15] Application started
05-22-2024 10:22:56 INFO     [app.py:15] Application started
05-22-2024 10:22:58 INFO     [app.py:15] Application started
05-23-2024 10:23:02 INFO     [app.py:15] Application started
05-23-2024 10:23:04 INFO     [app.py:15] Application started
05-23-2024 10:23:10 INFO     [app.py:15] Application started
05-23-2024 10:23:17 INFO     [app.py:15] Application started
05-23-2024 10:23:24 DEBUG    [multipart.py:586] Calling on_field_start with no data
05-23-2024 10:23:24 DEBUG    [multipart.py:583] Calling on_field_name with data[0:8]
05-23-2024 10:23:24 DEBUG    [multipart.py:583] Calling on_field_data with data[9:19]
05-23-2024 10:23:24 DEBUG    [multipart.py:586] Calling on_field_end with no data
05-23-2024 10:23:24 DEBUG    [multipart.py:586] Calling on_field_start with no data
05-23-2024 10:23:24 DEBUG    [multipart.py:583] Calling on_field_name with data[20:28]
05-23-2024 10:23:24 DEBUG    [multipart.py:583] Calling on_field_data with data[29:33]
05-23-2024 10:23:24 DEBUG    [multipart.py:586] Calling on_field_end with no data
05-23-2024 10:23:24 DEBUG    [multipart.py:586] Calling on_end with no data
05-23-2024 10:23:24 INFO     [auth_views.py:30] User tries to login into the application
05-23-2024 10:23:24 INFO     [auth_controller.py:16] Login performed by {username} failed, Invalid credentials
05-24-2024 10:24:27 INFO     [app.py:15] Application started
05-24-2024 10:24:31 INFO     [app.py:15] Application started
05-27-2024 10:27:03 INFO     [app.py:15] Application started
05-27-2024 10:27:05 DEBUG    [multipart.py:586] Calling on_field_start with no data
05-27-2024 10:27:05 DEBUG    [multipart.py:583] Calling on_field_name with data[0:8]
05-27-2024 10:27:05 DEBUG    [multipart.py:583] Calling on_field_data with data[9:19]
05-27-2024 10:27:05 DEBUG    [multipart.py:586] Calling on_field_end with no data
05-27-2024 10:27:05 DEBUG    [multipart.py:586] Calling on_field_start with no data
05-27-2024 10:27:05 DEBUG    [multipart.py:583] Calling on_field_name with data[20:28]
05-27-2024 10:27:05 DEBUG    [multipart.py:583] Calling on_field_data with data[29:33]
05-27-2024 10:27:05 DEBUG    [multipart.py:586] Calling on_field_end with no data
05-27-2024 10:27:05 DEBUG    [multipart.py:586] Calling on_end with no data
05-27-2024 10:27:05 INFO     [auth_views.py:30] User tries to login into the application
05-27-2024 10:27:05 INFO     [auth_controller.py:16] Login performed by diya failed, Invalid credentials
05-27-2024 10:27:46 INFO     [app.py:15] Application started
05-27-2024 10:27:49 DEBUG    [multipart.py:586] Calling on_field_start with no data
05-27-2024 10:27:49 DEBUG    [multipart.py:583] Calling on_field_name with data[0:8]
05-27-2024 10:27:49 DEBUG    [multipart.py:583] Calling on_field_data with data[9:19]
05-27-2024 10:27:49 DEBUG    [multipart.py:586] Calling on_field_end with no data
05-27-2024 10:27:49 DEBUG    [multipart.py:586] Calling on_field_start with no data
05-27-2024 10:27:49 DEBUG    [multipart.py:583] Calling on_field_name with data[20:28]
05-27-2024 10:27:49 DEBUG    [multipart.py:583] Calling on_field_data with data[29:33]
05-27-2024 10:27:49 DEBUG    [multipart.py:586] Calling on_field_end with no data
05-27-2024 10:27:49 DEBUG    [multipart.py:586] Calling on_end with no data
05-27-2024 10:27:49 INFO     [auth_views.py:30] User tries to login into the application
05-27-2024 10:27:49 INFO     [auth_controller.py:16] Login performed with username : diya failed, Invalid credentials
05-29-2024 10:29:45 INFO     [app.py:15] Application started
05-30-2024 10:30:00 INFO     [app.py:15] Application started
05-30-2024 10:30:04 INFO     [app.py:15] Application started
05-31-2024 10:31:04 INFO     [app.py:15] Application started
05-31-2024 10:31:10 INFO     [app.py:15] Application started
05-31-2024 10:31:16 INFO     [app.py:15] Application started
05-31-2024 10:31:21 INFO     [app.py:15] Application started
05-31-2024 10:31:23 INFO     [app.py:15] Application started
05-31-2024 10:31:43 INFO     [app.py:15] Application started
05-31-2024 10:31:45 INFO     [app.py:15] Application started
05-31-2024 10:31:47 INFO     [app.py:15] Application started
05-31-2024 10:31:49 INFO     [app.py:15] Application started
05-31-2024 10:31:54 INFO     [app.py:15] Application started
05-31-2024 10:31:58 INFO     [app.py:15] Application started
05-32-2024 10:32:03 INFO     [app.py:15] Application started
05-32-2024 10:32:39 INFO     [app.py:15] Application started
05-32-2024 10:32:41 INFO     [app.py:15] Application started
05-32-2024 10:32:43 INFO     [app.py:15] Application started
05-32-2024 10:32:45 INFO     [app.py:15] Application started
05-33-2024 10:33:14 INFO     [app.py:15] Application started
05-33-2024 10:33:20 DEBUG    [multipart.py:586] Calling on_field_start with no data
05-33-2024 10:33:20 DEBUG    [multipart.py:583] Calling on_field_name with data[0:8]
05-33-2024 10:33:20 DEBUG    [multipart.py:583] Calling on_field_data with data[9:20]
05-33-2024 10:33:20 DEBUG    [multipart.py:586] Calling on_field_end with no data
05-33-2024 10:33:20 DEBUG    [multipart.py:586] Calling on_field_start with no data
05-33-2024 10:33:20 DEBUG    [multipart.py:583] Calling on_field_name with data[21:29]
05-33-2024 10:33:20 DEBUG    [multipart.py:583] Calling on_field_data with data[30:34]
05-33-2024 10:33:20 DEBUG    [multipart.py:586] Calling on_field_end with no data
05-33-2024 10:33:20 DEBUG    [multipart.py:586] Calling on_end with no data
05-33-2024 10:33:20 INFO     [auth_views.py:30] User tries to login into the application
05-33-2024 10:33:55 INFO     [app.py:15] Application started
05-34-2024 10:34:00 INFO     [app.py:15] Application started
05-34-2024 10:34:08 INFO     [app.py:15] Application started
05-34-2024 10:34:12 INFO     [app.py:15] Application started
05-34-2024 10:34:18 INFO     [app.py:15] Application started
05-34-2024 10:34:21 DEBUG    [multipart.py:586] Calling on_field_start with no data
05-34-2024 10:34:21 DEBUG    [multipart.py:583] Calling on_field_name with data[0:8]
05-34-2024 10:34:21 DEBUG    [multipart.py:583] Calling on_field_data with data[9:20]
05-34-2024 10:34:21 DEBUG    [multipart.py:586] Calling on_field_end with no data
05-34-2024 10:34:21 DEBUG    [multipart.py:586] Calling on_field_start with no data
05-34-2024 10:34:21 DEBUG    [multipart.py:583] Calling on_field_name with data[21:29]
05-34-2024 10:34:21 DEBUG    [multipart.py:583] Calling on_field_data with data[30:34]
05-34-2024 10:34:21 DEBUG    [multipart.py:586] Calling on_field_end with no data
05-34-2024 10:34:21 DEBUG    [multipart.py:586] Calling on_end with no data
05-34-2024 10:34:21 INFO     [auth_views.py:30] User with username : diya tries to login into the application
09-26-2024 16:26:22 INFO     [app.py:15] Application started
09-34-2024 16:34:26 INFO     [auth.py:21] User with username : diya trying to login into the application
09-35-2024 16:35:48 INFO     [auth.py:21] User with username : diya trying to login into the application
09-39-2024 16:39:22 INFO     [app.py:15] Application started
09-39-2024 16:39:31 INFO     [auth.py:21] User with username : diya trying to login into the application
09-42-2024 16:42:11 INFO     [receptionist.py:45] Receptionist {'role': 'receptionist', 'user_id': '8832'}is viewing his/her profile
09-59-2024 16:59:50 INFO     [app.py:15] Application started
09-00-2024 17:00:02 INFO     [app.py:15] Application started
09-00-2024 17:00:10 INFO     [app.py:15] Application started
09-00-2024 17:00:16 INFO     [app.py:15] Application started
09-01-2024 17:01:01 INFO     [app.py:15] Application started
09-01-2024 17:01:03 INFO     [app.py:15] Application started
09-01-2024 17:01:14 INFO     [app.py:15] Application started
09-01-2024 17:01:22 INFO     [app.py:15] Application started
09-01-2024 17:01:33 INFO     [app.py:15] Application started
09-01-2024 17:01:56 INFO     [app.py:15] Application started
09-01-2024 17:01:59 INFO     [app.py:15] Application started
09-02-2024 17:02:13 INFO     [app.py:15] Application started
09-02-2024 17:02:45 INFO     [app.py:15] Application started
09-02-2024 17:02:47 INFO     [app.py:15] Application started
09-02-2024 17:02:49 INFO     [app.py:15] Application started
09-03-2024 17:03:08 INFO     [app.py:15] Application started
09-06-2024 17:06:14 INFO     [app.py:15] Application started
09-06-2024 17:06:28 INFO     [auth.py:21] User with username : diya trying to login into the application
09-06-2024 17:06:32 INFO     [receptionist.py:45] Receptionist {'role': 'receptionist', 'user_id': '8832'}is viewing his/her profile
09-07-2024 17:07:46 INFO     [app.py:15] Application started
09-08-2024 17:08:39 INFO     [app.py:15] Application started
09-09-2024 17:09:47 INFO     [app.py:15] Application started
09-09-2024 17:09:50 INFO     [app.py:15] Application started
09-09-2024 17:09:52 INFO     [app.py:15] Application started
09-09-2024 17:09:54 INFO     [app.py:15] Application started
09-09-2024 17:09:57 INFO     [app.py:15] Application started
09-09-2024 17:09:59 INFO     [app.py:15] Application started
09-10-2024 17:10:01 INFO     [app.py:15] Application started
09-10-2024 17:10:38 INFO     [receptionist.py:45] Receptionist {'role': 'receptionist', 'user_id': '8832'}is viewing his/her profile
09-12-2024 17:12:06 INFO     [app.py:15] Application started
09-13-2024 17:13:56 INFO     [receptionist.py:61] Receptionist {'role': 'receptionist', 'user_id': '8832'}is viewing all available rooms in the hotel
09-15-2024 17:15:48 INFO     [receptionist.py:45] Receptionist {'role': 'receptionist', 'user_id': '8832'}is viewing his/her profile
09-44-2024 17:44:16 INFO     [app.py:15] Application started
09-44-2024 17:44:18 INFO     [app.py:15] Application started
09-44-2024 17:44:23 INFO     [app.py:15] Application started
09-44-2024 17:44:48 INFO     [app.py:15] Application started
09-44-2024 17:44:50 INFO     [app.py:15] Application started
09-44-2024 17:44:54 INFO     [app.py:15] Application started
09-44-2024 17:44:56 INFO     [app.py:15] Application started
09-45-2024 17:45:11 INFO     [app.py:15] Application started
09-45-2024 17:45:23 INFO     [app.py:15] Application started
09-45-2024 17:45:27 INFO     [app.py:15] Application started
09-45-2024 17:45:47 INFO     [app.py:15] Application started
09-45-2024 17:45:48 INFO     [app.py:15] Application started
09-46-2024 17:46:06 INFO     [app.py:15] Application started
09-46-2024 17:46:13 INFO     [app.py:15] Application started
09-55-2024 17:55:49 INFO     [app.py:15] Application started
09-02-2024 18:02:28 INFO     [auth.py:21] User with username : diya trying to login into the application
09-04-2024 18:04:03 INFO     [auth.py:21] User with username : diya trying to login into the application
09-04-2024 18:04:44 INFO     [auth.py:21] User with username : diya trying to login into the application
09-06-2024 18:06:58 INFO     [receptionist.py:45] Receptionist {'role': 'receptionist', 'user_id': '8832'}is viewing his/her profile
09-07-2024 18:07:21 INFO     [receptionist.py:45] Receptionist {'role': 'receptionist', 'user_id': '8832'}is viewing his/her profile
09-07-2024 18:07:37 INFO     [receptionist.py:45] Receptionist {'role': 'receptionist', 'user_id': '8832'}is viewing his/her profile
09-07-2024 18:07:49 INFO     [receptionist.py:45] Receptionist {'role': 'receptionist', 'user_id': '8832'}is viewing his/her profile
09-08-2024 18:08:05 INFO     [receptionist.py:45] Receptionist {'role': 'receptionist', 'user_id': '8832'}is viewing his/her profile
11-50-2024 17:50:22 INFO     [app.py:15] Application started
11-50-2024 17:50:30 INFO     [app.py:15] Application started
11-50-2024 17:50:33 INFO     [app.py:15] Application started
11-50-2024 17:50:39 INFO     [app.py:15] Application started
11-50-2024 17:50:42 INFO     [app.py:15] Application started
11-50-2024 17:50:49 INFO     [app.py:15] Application started
11-50-2024 17:50:51 INFO     [app.py:15] Application started
11-50-2024 17:50:56 INFO     [app.py:15] Application started
11-50-2024 17:50:58 INFO     [app.py:15] Application started
11-51-2024 17:51:26 INFO     [app.py:15] Application started
11-51-2024 17:51:30 INFO     [app.py:15] Application started
11-51-2024 17:51:32 INFO     [app.py:15] Application started
11-51-2024 17:51:43 INFO     [app.py:15] Application started
11-51-2024 17:51:45 INFO     [app.py:15] Application started
11-51-2024 17:51:59 INFO     [app.py:15] Application started
11-52-2024 17:52:09 INFO     [app.py:15] Application started
11-52-2024 17:52:35 INFO     [app.py:15] Application started
11-52-2024 17:52:37 INFO     [app.py:15] Application started
11-52-2024 17:52:48 INFO     [app.py:15] Application started
11-46-2024 18:46:02 INFO     [app.py:15] Application started
11-46-2024 18:46:37 INFO     [auth.py:21] User with username : chetna trying to login into the application
11-48-2024 18:48:51 INFO     [app.py:15] Application started
11-48-2024 18:48:57 INFO     [auth.py:21] User with username : chetna trying to login into the application
11-49-2024 18:49:23 INFO     [admin.py:25] Admin is viewing all receptionists
11-50-2024 18:50:09 INFO     [admin.py:123] Admin is viewing all bookings
11-51-2024 18:51:45 INFO     [admin.py:76] Admin is adding new rooms
11-53-2024 18:53:50 INFO     [receptionist.py:61] Receptionist {'role': 'admin', 'user_id': '3324'}is viewing all available rooms in the hotel
11-55-2024 18:55:25 INFO     [admin.py:25] Admin is viewing all receptionists
11-56-2024 18:56:19 INFO     [app.py:15] Application started
11-56-2024 18:56:21 INFO     [app.py:15] Application started
11-56-2024 18:56:49 INFO     [app.py:15] Application started
11-56-2024 18:56:51 INFO     [app.py:15] Application started
11-56-2024 18:56:53 INFO     [app.py:15] Application started
11-56-2024 18:56:56 INFO     [app.py:15] Application started
11-56-2024 18:56:58 INFO     [app.py:15] Application started
11-57-2024 18:57:04 INFO     [app.py:15] Application started
11-57-2024 18:57:06 INFO     [app.py:15] Application started
11-57-2024 18:57:09 INFO     [app.py:15] Application started
11-57-2024 18:57:13 INFO     [app.py:15] Application started
11-57-2024 18:57:15 INFO     [app.py:15] Application started
11-57-2024 18:57:18 INFO     [app.py:15] Application started
11-59-2024 18:59:52 INFO     [app.py:15] Application started
11-00-2024 19:00:01 INFO     [app.py:15] Application started
11-00-2024 19:00:04 INFO     [app.py:15] Application started
11-00-2024 19:00:06 INFO     [app.py:15] Application started
11-00-2024 19:00:11 INFO     [app.py:15] Application started
11-00-2024 19:00:12 INFO     [auth.py:21] User with username : chetna trying to login into the application
11-00-2024 19:00:40 INFO     [app.py:15] Application started
11-00-2024 19:00:56 INFO     [auth.py:21] User with username : diya trying to login into the application
11-01-2024 19:01:05 INFO     [receptionist.py:61] Receptionist {'role': 'receptionist', 'user_id': '8832'}is viewing all available rooms in the hotel
11-01-2024 19:01:38 INFO     [auth.py:21] User with username : chetna trying to login into the application
11-01-2024 19:01:51 INFO     [admin.py:76] Admin is adding new rooms
11-02-2024 19:02:14 INFO     [auth.py:21] User with username : diya trying to login into the application
11-02-2024 19:02:19 INFO     [receptionist.py:61] Receptionist {'role': 'receptionist', 'user_id': '8832'}is viewing all available rooms in the hotel
11-03-2024 19:03:06 INFO     [receptionist.py:21] Receptionist {'role': 'receptionist', 'user_id': '8832'}is Checking in the guest
11-03-2024 19:03:16 INFO     [receptionist.py:61] Receptionist {'role': 'receptionist', 'user_id': '8832'}is viewing all available rooms in the hotel
11-05-2024 19:05:14 INFO     [auth.py:21] User with username : chetna trying to login into the application
11-05-2024 19:05:22 INFO     [admin.py:123] Admin is viewing all bookings
